<?xml version="1.0" encoding="UTF-8"?>
<testng-results ignored="0" total="1" passed="1" failed="0" skipped="0">
  <reporter-output>
  </reporter-output>
  <suite started-at="2025-04-30T11:44:52 IST" name="Default suite" finished-at="2025-04-30T11:45:46 IST" duration-ms="53894">
    <groups>
    </groups>
    <test started-at="2025-04-30T11:44:52 IST" name="Default test" finished-at="2025-04-30T11:45:46 IST" duration-ms="53894">
      <class name="MainFlow.Buttons_MainFlow">
        <test-method signature="buttons()[pri:0, instance:MainFlow.Buttons_MainFlow@4c402120]" started-at="2025-04-30T11:44:52 IST" name="buttons" finished-at="2025-04-30T11:45:46 IST" duration-ms="53833" status="PASS">
          <reporter-output>
          </reporter-output>
        </test-method> <!-- buttons -->
      </class> <!-- MainFlow.Buttons_MainFlow -->
    </test> <!-- Default test -->
  </suite> <!-- Default suite -->
</testng-results>
